140512  7:10:09 [Warning] Using unique option prefix myisam-recover instead of myisam-recover-options is deprecated and will be removed in a future release. Please use the full name instead.
140512  7:10:09 [Note] Plugin 'FEDERATED' is disabled.
140512  7:10:09 InnoDB: The InnoDB memory heap is disabled
140512  7:10:09 InnoDB: Mutexes and rw_locks use GCC atomic builtins
140512  7:10:09 InnoDB: Compressed tables use zlib 1.2.8
140512  7:10:09 InnoDB: Using Linux native AIO
140512  7:10:09 InnoDB: Initializing buffer pool, size = 128.0M
140512  7:10:09 InnoDB: Completed initialization of buffer pool
InnoDB: The first specified data file ./ibdata1 did not exist:
InnoDB: a new database to be created!
140512  7:10:09  InnoDB: Setting file ./ibdata1 size to 10 MB
InnoDB: Database physically writes the file full: wait...
140512  7:10:09  InnoDB: Log file ./ib_logfile0 did not exist: new to be created
InnoDB: Setting log file ./ib_logfile0 size to 5 MB
InnoDB: Database physically writes the file full: wait...
140512  7:10:09  InnoDB: Log file ./ib_logfile1 did not exist: new to be created
InnoDB: Setting log file ./ib_logfile1 size to 5 MB
InnoDB: Database physically writes the file full: wait...
InnoDB: Doublewrite buffer not found: creating new
InnoDB: Doublewrite buffer created
InnoDB: 127 rollback segment(s) active.
InnoDB: Creating foreign key constraint system tables
InnoDB: Foreign key constraint system tables created
140512  7:10:09  InnoDB: Waiting for the background threads to start
140512  7:10:10 InnoDB: 5.5.37 started; log sequence number 0
140512  7:10:10  InnoDB: Starting shutdown...
140512  7:10:11  InnoDB: Shutdown completed; log sequence number 1595675
140512  7:10:11 [Warning] Using unique option prefix myisam-recover instead of myisam-recover-options is deprecated and will be removed in a future release. Please use the full name instead.
140512  7:10:11 [Note] Plugin 'FEDERATED' is disabled.
140512  7:10:11 InnoDB: The InnoDB memory heap is disabled
140512  7:10:11 InnoDB: Mutexes and rw_locks use GCC atomic builtins
140512  7:10:11 InnoDB: Compressed tables use zlib 1.2.8
140512  7:10:11 InnoDB: Using Linux native AIO
140512  7:10:11 InnoDB: Initializing buffer pool, size = 128.0M
140512  7:10:11 InnoDB: Completed initialization of buffer pool
140512  7:10:11 InnoDB: highest supported file format is Barracuda.
140512  7:10:11  InnoDB: Waiting for the background threads to start
140512  7:10:12 InnoDB: 5.5.37 started; log sequence number 1595675
ERROR: 1064  You have an error in your SQL syntax; check the manual that corresponds to your MySQL server version for the right syntax to use near 'ALTER TABLE user ADD column Show_view_priv enum('N','Y') CHARACTER SET utf8 NOT ' at line 1
140512  7:10:12 [ERROR] Aborting

140512  7:10:12  InnoDB: Starting shutdown...
140512  7:10:13  InnoDB: Shutdown completed; log sequence number 1595675
140512  7:10:13 [Note] /usr/sbin/mysqld: Shutdown complete

140512  7:10:13 [Warning] Using unique option prefix myisam-recover instead of myisam-recover-options is deprecated and will be removed in a future release. Please use the full name instead.
140512  7:10:13 [Note] Plugin 'FEDERATED' is disabled.
140512  7:10:13 InnoDB: The InnoDB memory heap is disabled
140512  7:10:13 InnoDB: Mutexes and rw_locks use GCC atomic builtins
140512  7:10:13 InnoDB: Compressed tables use zlib 1.2.8
140512  7:10:13 InnoDB: Using Linux native AIO
140512  7:10:13 InnoDB: Initializing buffer pool, size = 128.0M
140512  7:10:13 InnoDB: Completed initialization of buffer pool
140512  7:10:13 InnoDB: highest supported file format is Barracuda.
140512  7:10:13  InnoDB: Waiting for the background threads to start
140512  7:10:14 InnoDB: 5.5.37 started; log sequence number 1595675
140512  7:10:14  InnoDB: Starting shutdown...
140512  7:10:15  InnoDB: Shutdown completed; log sequence number 1595675
140512  7:10:15 [Warning] Using unique option prefix myisam-recover instead of myisam-recover-options is deprecated and will be removed in a future release. Please use the full name instead.
140512  7:10:15 [Note] Plugin 'FEDERATED' is disabled.
140512  7:10:15 InnoDB: The InnoDB memory heap is disabled
140512  7:10:15 InnoDB: Mutexes and rw_locks use GCC atomic builtins
140512  7:10:15 InnoDB: Compressed tables use zlib 1.2.8
140512  7:10:15 InnoDB: Using Linux native AIO
140512  7:10:15 InnoDB: Initializing buffer pool, size = 128.0M
140512  7:10:15 InnoDB: Completed initialization of buffer pool
140512  7:10:15 InnoDB: highest supported file format is Barracuda.
140512  7:10:15  InnoDB: Waiting for the background threads to start
140512  7:10:16 InnoDB: 5.5.37 started; log sequence number 1595675
ERROR: 1050  Table 'plugin' already exists
140512  7:10:16 [ERROR] Aborting

140512  7:10:16  InnoDB: Starting shutdown...
140512  7:10:17  InnoDB: Shutdown completed; log sequence number 1595675
140512  7:10:17 [Note] /usr/sbin/mysqld: Shutdown complete

140513 06:14:46 mysqld_safe Starting mysqld daemon with databases from /var/lib/mysql
140513  6:14:46 [Warning] Using unique option prefix key_buffer instead of key_buffer_size is deprecated and will be removed in a future release. Please use the full name instead.
140513  6:14:46 [Warning] Using unique option prefix myisam-recover instead of myisam-recover-options is deprecated and will be removed in a future release. Please use the full name instead.
140513  6:14:46 [Note] Plugin 'FEDERATED' is disabled.
140513  6:14:46 InnoDB: The InnoDB memory heap is disabled
140513  6:14:46 InnoDB: Mutexes and rw_locks use GCC atomic builtins
140513  6:14:46 InnoDB: Compressed tables use zlib 1.2.8
140513  6:14:46 InnoDB: Using Linux native AIO
140513  6:14:46 InnoDB: Initializing buffer pool, size = 128.0M
140513  6:14:46 InnoDB: Completed initialization of buffer pool
140513  6:14:46 InnoDB: highest supported file format is Barracuda.
140513  6:14:46  InnoDB: Waiting for the background threads to start
140513  6:14:47 InnoDB: 5.5.37 started; log sequence number 1595675
140513  6:14:47 [Note] Server hostname (bind-address): '0.0.0.0'; port: 3306
140513  6:14:47 [Note]   - '0.0.0.0' resolves to '0.0.0.0';
140513  6:14:47 [Note] Server socket created on IP: '0.0.0.0'.
140513  6:14:47 [Note] Event Scheduler: Loaded 0 events
140513  6:14:47 [Note] /usr/sbin/mysqld: ready for connections.
Version: '5.5.37-0ubuntu0.14.04.1'  socket: '/var/run/mysqld/mysqld.sock'  port: 3306  (Ubuntu)
140513 06:26:26 mysqld_safe Starting mysqld daemon with databases from /var/lib/mysql
140513  6:26:26 [Warning] Using unique option prefix key_buffer instead of key_buffer_size is deprecated and will be removed in a future release. Please use the full name instead.
140513  6:26:26 [Warning] Using unique option prefix myisam-recover instead of myisam-recover-options is deprecated and will be removed in a future release. Please use the full name instead.
140513  6:26:26 [Note] Plugin 'FEDERATED' is disabled.
/usr/sbin/mysqld: Can't find file: './mysql/plugin.frm' (errno: 13)
140513  6:26:26 [ERROR] Can't open the mysql.plugin table. Please run mysql_upgrade to create it.
140513  6:26:26 InnoDB: The InnoDB memory heap is disabled
140513  6:26:26 InnoDB: Mutexes and rw_locks use GCC atomic builtins
140513  6:26:26 InnoDB: Compressed tables use zlib 1.2.8
140513  6:26:26 InnoDB: Using Linux native AIO
140513  6:26:26 InnoDB: Initializing buffer pool, size = 128.0M
140513  6:26:26 InnoDB: Completed initialization of buffer pool
140513  6:26:26  InnoDB: Operating system error number 13 in a file operation.
InnoDB: The error means mysqld does not have the access rights to
InnoDB: the directory.
InnoDB: File name ./ibdata1
InnoDB: File operation call: 'create'.
InnoDB: Cannot continue operation.
140513 06:26:26 mysqld_safe mysqld from pid file /var/run/mysqld/mysqld.pid ended
